<?xml version="1.0" encoding="UTF-8"?>
<!-- Generated by org.testng.reporters.JUnitReportReporter -->
<testsuite hostname="LAPTOP-KBKTO19U" failures="0" tests="6" name="tests.HomeTests" time="71.897" errors="0" timestamp="2025-09-07T19:00:09 IST" skipped="0">
  <testcase classname="tests.HomeTests" name="testOffersPage" time="5.152"/>
  <testcase classname="tests.HomeTests" name="testOrdersPage" time="5.134"/>
  <testcase classname="tests.HomeTests" name="testFavoritesPage" time="5.124"/>
  <testcase classname="tests.HomeTests" name="testGoToHomePage" time="5.103"/>
  <testcase classname="tests.HomeTests" name="testSelectAllVendors" time="20.454"/>
  <testcase classname="tests.HomeTests" name="testSortProducts" time="30.930"/>
</testsuite> <!-- tests.HomeTests -->
