<?xml version="1.0" encoding="UTF-8"?>
<!-- Generated by org.testng.reporters.JUnitReportReporter -->
<testsuite hostname="LAPTOP-KBKTO19U" failures="0" tests="7" name="runners.TestRunner" time="151.468" errors="0" timestamp="2025-09-08T14:27:42 IST" skipped="0">
  <testcase classname="runners.TestRunner" name="runScenario" time="10.006"/>
  <testcase classname="runners.TestRunner" name="runScenario" time="13.777"/>
  <testcase classname="runners.TestRunner" name="runScenario" time="11.181"/>
  <testcase classname="runners.TestRunner" name="runScenario" time="12.473"/>
  <testcase classname="runners.TestRunner" name="runScenario" time="10.999"/>
  <testcase classname="runners.TestRunner" name="runScenario" time="9.624"/>
  <testcase classname="runners.TestRunner" name="runScenario" time="83.408"/>
</testsuite> <!-- runners.TestRunner -->
