<?xml version="1.0" encoding="UTF-8"?>
<!-- Generated by org.testng.reporters.JUnitReportReporter -->
<testsuite hostname="LAPTOP-KBKTO19U" failures="0" tests="7" name="tests.LoginTest" time="97.962" errors="0" timestamp="2025-09-08T10:32:19 IST" skipped="0">
  <testcase classname="tests.LoginTest" name="testValidLogin" time="14.016"/>
  <testcase classname="tests.LoginTest" name="testEmptyPassword" time="9.189"/>
  <testcase classname="tests.LoginTest" name="testValidLogin" time="18.098"/>
  <testcase classname="tests.LoginTest" name="testLockedUser" time="19.113"/>
  <testcase classname="tests.LoginTest" name="testValidLogin" time="12.216"/>
  <testcase classname="tests.LoginTest" name="testValidLogin" time="14.374"/>
  <testcase classname="tests.LoginTest" name="testEmptyUsername" time="10.956"/>
</testsuite> <!-- tests.LoginTest -->
