<?xml version="1.0" encoding="UTF-8"?>
<!-- Generated by org.testng.reporters.JUnitReportReporter -->
<testsuite hostname="LAPTOP-KBKTO19U" failures="0" tests="6" name="tests.HomeTest" time="74.682" errors="0" timestamp="2025-09-08T10:32:19 IST" skipped="0">
  <testcase classname="tests.HomeTest" name="testOffersPage" time="5.636"/>
  <testcase classname="tests.HomeTest" name="testOrdersPage" time="5.480"/>
  <testcase classname="tests.HomeTest" name="testFavoritesPage" time="5.525"/>
  <testcase classname="tests.HomeTest" name="testGoToHomePage" time="5.563"/>
  <testcase classname="tests.HomeTest" name="testSelectAllVendors" time="21.043"/>
  <testcase classname="tests.HomeTest" name="testSortProducts" time="31.435"/>
</testsuite> <!-- tests.HomeTest -->
