<?xml version="1.0" encoding="UTF-8"?>
<!-- Generated by org.testng.reporters.JUnitReportReporter -->
<testsuite hostname="LAPTOP-KBKTO19U" failures="0" tests="3" name="tests.WebTest" time="133.884" errors="0" timestamp="2025-09-07T23:50:48 IST" skipped="0">
  <testcase classname="tests.WebTest" name="testSamsungFavoriteFlow" time="25.823"/>
  <testcase classname="tests.WebTest" name="testAppleFavoriteFlow" time="30.944"/>
  <testcase classname="tests.WebTest" name="testCartAndCheckoutFlow" time="77.117"/>
</testsuite> <!-- tests.WebTest -->
