<?xml version="1.0" encoding="UTF-8"?>
<!-- Generated by org.testng.reporters.JUnitReportReporter -->
<testsuite hostname="LAPTOP-KBKTO19U" failures="0" tests="7" name="tests.LoginTest" time="58.154" errors="0" timestamp="2025-09-08T13:24:00 IST" skipped="0">
  <testcase classname="tests.LoginTest" name="testValidLogin" time="9.014"/>
  <testcase classname="tests.LoginTest" name="testEmptyPassword" time="7.601"/>
  <testcase classname="tests.LoginTest" name="testValidLogin" time="8.432"/>
  <testcase classname="tests.LoginTest" name="testLockedUser" time="8.054"/>
  <testcase classname="tests.LoginTest" name="testValidLogin" time="7.996"/>
  <testcase classname="tests.LoginTest" name="testEmptyUsername" time="8.481"/>
  <testcase classname="tests.LoginTest" name="testValidLogin" time="8.576"/>
</testsuite> <!-- tests.LoginTest -->
