<?xml version="1.0" encoding="UTF-8"?>
<!-- Generated by org.testng.reporters.JUnitReportReporter -->
<testsuite hostname="LAPTOP-KBKTO19U" failures="0" tests="7" name="tests.LoginTest" time="88.725" errors="0" timestamp="2025-09-08T14:27:42 IST" skipped="0">
  <testcase classname="tests.LoginTest" name="testValidLogin" time="21.044"/>
  <testcase classname="tests.LoginTest" name="testEmptyUsername" time="11.980"/>
  <testcase classname="tests.LoginTest" name="testLockedUser" time="11.854"/>
  <testcase classname="tests.LoginTest" name="testValidLogin" time="11.583"/>
  <testcase classname="tests.LoginTest" name="testValidLogin" time="11.252"/>
  <testcase classname="tests.LoginTest" name="testValidLogin" time="11.290"/>
  <testcase classname="tests.LoginTest" name="testEmptyPassword" time="9.722"/>
</testsuite> <!-- tests.LoginTest -->
