<?xml version="1.0" encoding="UTF-8"?>
<!-- Generated by org.testng.reporters.JUnitReportReporter -->
<testsuite hostname="LAPTOP-KBKTO19U" failures="0" tests="6" name="tests.HomeTest" time="73.755" errors="0" timestamp="2025-09-09T10:56:23 IST" skipped="0">
  <testcase classname="tests.HomeTest" name="testOffersPage" time="5.410"/>
  <testcase classname="tests.HomeTest" name="testOrdersPage" time="5.333"/>
  <testcase classname="tests.HomeTest" name="testFavoritesPage" time="5.411"/>
  <testcase classname="tests.HomeTest" name="testGoToHomePage" time="5.485"/>
  <testcase classname="tests.HomeTest" name="testSelectAllVendors" time="20.773"/>
  <testcase classname="tests.HomeTest" name="testSortProducts" time="31.343"/>
</testsuite> <!-- tests.HomeTest -->
