<?xml version="1.0" encoding="UTF-8"?>
<!-- Generated by org.testng.reporters.JUnitReportReporter -->
<testsuite hostname="LAPTOP-KBKTO19U" failures="0" tests="7" name="runners.TestRunner" time="120.236" errors="0" timestamp="2025-09-08T10:32:19 IST" skipped="0">
  <testcase classname="runners.TestRunner" name="runScenario" time="11.054"/>
  <testcase classname="runners.TestRunner" name="runScenario" time="17.501"/>
  <testcase classname="runners.TestRunner" name="runScenario" time="12.366"/>
  <testcase classname="runners.TestRunner" name="runScenario" time="12.976"/>
  <testcase classname="runners.TestRunner" name="runScenario" time="20.541"/>
  <testcase classname="runners.TestRunner" name="runScenario" time="21.854"/>
  <testcase classname="runners.TestRunner" name="runScenario" time="23.944"/>
</testsuite> <!-- runners.TestRunner -->
