<?xml version="1.0" encoding="UTF-8"?>
<!-- Generated by org.testng.reporters.JUnitReportReporter -->
<testsuite hostname="LAPTOP-KBKTO19U" failures="0" tests="3" name="tests.WebTest" time="136.037" errors="0" timestamp="2025-09-08T10:32:19 IST" skipped="0">
  <testcase classname="tests.WebTest" name="testSamsungFavoriteFlow" time="26.196"/>
  <testcase classname="tests.WebTest" name="testAppleFavoriteFlow" time="31.332"/>
  <testcase classname="tests.WebTest" name="testCartAndCheckoutFlow" time="78.509"/>
</testsuite> <!-- tests.WebTest -->
