<?xml version="1.0" encoding="UTF-8"?>
<!-- Generated by org.testng.reporters.JUnitReportReporter -->
<testsuite hostname="LAPTOP-KBKTO19U" failures="0" tests="7" name="tests.LoginTests" time="159.418" errors="0" timestamp="2025-09-07T16:47:12 IST" skipped="0">
  <testcase classname="tests.LoginTests" name="testValidLogin" time="7.724"/>
  <testcase classname="tests.LoginTests" name="testValidLogin" time="30.557"/>
  <testcase classname="tests.LoginTests" name="testEmptyPassword" time="27.465"/>
  <testcase classname="tests.LoginTests" name="testLockedUser" time="8.283"/>
  <testcase classname="tests.LoginTests" name="testEmptyUsername" time="47.866"/>
  <testcase classname="tests.LoginTests" name="testValidLogin" time="8.637"/>
  <testcase classname="tests.LoginTests" name="testValidLogin" time="28.886"/>
</testsuite> <!-- tests.LoginTests -->
