<?xml version="1.0" encoding="UTF-8"?>
<!-- Generated by org.testng.reporters.JUnitReportReporter -->
<testsuite hostname="LAPTOP-KBKTO19U" failures="0" tests="6" name="tests.HomeTest" time="74.012" errors="0" timestamp="2025-09-07T23:46:21 IST" skipped="0">
  <testcase classname="tests.HomeTest" name="testOffersPage" time="5.490"/>
  <testcase classname="tests.HomeTest" name="testOrdersPage" time="5.358"/>
  <testcase classname="tests.HomeTest" name="testFavoritesPage" time="5.400"/>
  <testcase classname="tests.HomeTest" name="testGoToHomePage" time="5.452"/>
  <testcase classname="tests.HomeTest" name="testSelectAllVendors" time="20.768"/>
  <testcase classname="tests.HomeTest" name="testSortProducts" time="31.544"/>
</testsuite> <!-- tests.HomeTest -->
