<?xml version="1.0" encoding="UTF-8"?>
<!-- Generated by org.testng.reporters.JUnitReportReporter -->
<testsuite hostname="LAPTOP-KBKTO19U" failures="0" tests="6" name="tests.HomeTest" time="74.302" errors="0" timestamp="2025-09-08T14:27:42 IST" skipped="0">
  <testcase classname="tests.HomeTest" name="testOffersPage" time="5.538"/>
  <testcase classname="tests.HomeTest" name="testOrdersPage" time="5.449"/>
  <testcase classname="tests.HomeTest" name="testFavoritesPage" time="5.466"/>
  <testcase classname="tests.HomeTest" name="testGoToHomePage" time="5.473"/>
  <testcase classname="tests.HomeTest" name="testSelectAllVendors" time="20.885"/>
  <testcase classname="tests.HomeTest" name="testSortProducts" time="31.491"/>
</testsuite> <!-- tests.HomeTest -->
