<?xml version="1.0" encoding="UTF-8"?>
<!-- Generated by org.testng.reporters.JUnitReportReporter -->
<testsuite hostname="LAPTOP-KBKTO19U" failures="0" tests="6" name="tests.HomeTest" time="73.907" errors="0" timestamp="2025-09-08T13:25:52 IST" skipped="0">
  <testcase classname="tests.HomeTest" name="testOffersPage" time="5.393"/>
  <testcase classname="tests.HomeTest" name="testOrdersPage" time="5.353"/>
  <testcase classname="tests.HomeTest" name="testFavoritesPage" time="5.445"/>
  <testcase classname="tests.HomeTest" name="testGoToHomePage" time="5.425"/>
  <testcase classname="tests.HomeTest" name="testSelectAllVendors" time="20.840"/>
  <testcase classname="tests.HomeTest" name="testSortProducts" time="31.451"/>
</testsuite> <!-- tests.HomeTest -->
