<?xml version="1.0" encoding="UTF-8"?>
<!-- Generated by org.testng.reporters.JUnitReportReporter -->
<testsuite hostname="LAPTOP-KBKTO19U" failures="0" tests="7" name="tests.LoginTest" time="55.692" errors="0" timestamp="2025-09-07T23:38:56 IST" skipped="0">
  <testcase classname="tests.LoginTest" name="testEmptyPassword" time="11.123"/>
  <testcase classname="tests.LoginTest" name="testValidLogin" time="7.649"/>
  <testcase classname="tests.LoginTest" name="testValidLogin" time="7.769"/>
  <testcase classname="tests.LoginTest" name="testValidLogin" time="7.363"/>
  <testcase classname="tests.LoginTest" name="testValidLogin" time="7.614"/>
  <testcase classname="tests.LoginTest" name="testEmptyUsername" time="7.331"/>
  <testcase classname="tests.LoginTest" name="testLockedUser" time="6.843"/>
</testsuite> <!-- tests.LoginTest -->
