<?xml version="1.0" encoding="UTF-8"?>
<!-- Generated by org.testng.reporters.JUnitReportReporter -->
<testsuite hostname="LAPTOP-KBKTO19U" failures="0" tests="3" name="tests.WebTest" time="134.000" errors="0" timestamp="2025-09-08T13:29:34 IST" skipped="0">
  <testcase classname="tests.WebTest" name="testSamsungFavoriteFlow" time="25.941"/>
  <testcase classname="tests.WebTest" name="testAppleFavoriteFlow" time="30.993"/>
  <testcase classname="tests.WebTest" name="testCartAndCheckoutFlow" time="77.066"/>
</testsuite> <!-- tests.WebTest -->
