<?xml version="1.0" encoding="UTF-8"?>
<!-- Generated by org.testng.reporters.JUnitReportReporter -->
<testsuite hostname="LAPTOP-KBKTO19U" failures="0" tests="1" name="tests.CartTests" time="0.010" errors="0" timestamp="2025-09-07T01:49:31 IST" skipped="0">
  <testcase classname="tests.CartTests" name="f" time="0.010"/>
</testsuite> <!-- tests.CartTests -->
