<?xml version="1.0" encoding="UTF-8"?>
<!-- Generated by org.testng.reporters.JUnitReportReporter -->
<testsuite hostname="LAPTOP-KBKTO19U" failures="0" tests="7" name="runners.TestRunner" time="170.230" errors="0" timestamp="2025-09-09T15:03:00 IST" skipped="0">
  <testcase classname="runners.TestRunner" name="runScenario" time="30.856"/>
  <testcase classname="runners.TestRunner" name="runScenario" time="15.496"/>
  <testcase classname="runners.TestRunner" name="runScenario" time="25.612"/>
  <testcase classname="runners.TestRunner" name="runScenario" time="30.906"/>
  <testcase classname="runners.TestRunner" name="runScenario" time="26.394"/>
  <testcase classname="runners.TestRunner" name="runScenario" time="14.289"/>
  <testcase classname="runners.TestRunner" name="runScenario" time="26.677"/>
</testsuite> <!-- runners.TestRunner -->
