<?xml version="1.0" encoding="UTF-8"?>
<!-- Generated by org.testng.reporters.JUnitReportReporter -->
<testsuite hostname="LAPTOP-KBKTO19U" failures="0" tests="7" name="runners.TestRunner" time="63.623" errors="0" timestamp="2025-09-09T16:04:58 IST" skipped="0">
  <testcase classname="runners.TestRunner" name="runScenario" time="9.834"/>
  <testcase classname="runners.TestRunner" name="runScenario" time="8.265"/>
  <testcase classname="runners.TestRunner" name="runScenario" time="8.914"/>
  <testcase classname="runners.TestRunner" name="runScenario" time="8.889"/>
  <testcase classname="runners.TestRunner" name="runScenario" time="8.687"/>
  <testcase classname="runners.TestRunner" name="runScenario" time="9.705"/>
  <testcase classname="runners.TestRunner" name="runScenario" time="9.329"/>
</testsuite> <!-- runners.TestRunner -->
