<?xml version="1.0" encoding="UTF-8"?>
<!-- Generated by org.testng.reporters.JUnitReportReporter -->
<testsuite hostname="LAPTOP-KBKTO19U" failures="0" tests="7" name="tests.LoginTest" time="93.370" errors="0" timestamp="2025-09-09T16:04:58 IST" skipped="0">
  <testcase classname="tests.LoginTest" name="testEmptyUsername" time="8.178"/>
  <testcase classname="tests.LoginTest" name="testEmptyPassword" time="9.200"/>
  <testcase classname="tests.LoginTest" name="testValidLogin" time="10.025"/>
  <testcase classname="tests.LoginTest" name="testValidLogin" time="7.455"/>
  <testcase classname="tests.LoginTest" name="testValidLogin" time="40.311"/>
  <testcase classname="tests.LoginTest" name="testLockedUser" time="9.257"/>
  <testcase classname="tests.LoginTest" name="testValidLogin" time="8.944"/>
</testsuite> <!-- tests.LoginTest -->
