<?xml version="1.0" encoding="UTF-8"?>
<!-- Generated by org.testng.reporters.JUnitReportReporter -->
<testsuite hostname="LAPTOP-KBKTO19U" failures="0" tests="3" name="tests.WebTest" time="133.387" errors="0" timestamp="2025-09-09T16:04:58 IST" skipped="0">
  <testcase classname="tests.WebTest" name="testSamsungFavoriteFlow" time="25.492"/>
  <testcase classname="tests.WebTest" name="testAppleFavoriteFlow" time="31.036"/>
  <testcase classname="tests.WebTest" name="testCartAndCheckoutFlow" time="76.859"/>
</testsuite> <!-- tests.WebTest -->
