<?xml version="1.0" encoding="UTF-8"?>
<!-- Generated by org.testng.reporters.JUnitReportReporter -->
<testsuite hostname="LAPTOP-KBKTO19U" failures="0" tests="6" name="tests.HomeTest" time="76.205" errors="0" timestamp="2025-09-09T15:03:00 IST" skipped="0">
  <testcase classname="tests.HomeTest" name="testOffersPage" time="5.734"/>
  <testcase classname="tests.HomeTest" name="testOrdersPage" time="5.904"/>
  <testcase classname="tests.HomeTest" name="testFavoritesPage" time="6.402"/>
  <testcase classname="tests.HomeTest" name="testGoToHomePage" time="5.821"/>
  <testcase classname="tests.HomeTest" name="testSelectAllVendors" time="21.127"/>
  <testcase classname="tests.HomeTest" name="testSortProducts" time="31.217"/>
</testsuite> <!-- tests.HomeTest -->
