<?xml version="1.0" encoding="UTF-8"?>
<!-- Generated by org.testng.reporters.JUnitReportReporter -->
<testsuite hostname="LAPTOP-KBKTO19U" failures="0" tests="7" name="tests.LoginTest" time="73.355" errors="0" timestamp="2025-09-09T15:03:00 IST" skipped="0">
  <testcase classname="tests.LoginTest" name="testValidLogin" time="9.059"/>
  <testcase classname="tests.LoginTest" name="testValidLogin" time="14.320"/>
  <testcase classname="tests.LoginTest" name="testEmptyPassword" time="9.364"/>
  <testcase classname="tests.LoginTest" name="testEmptyUsername" time="8.898"/>
  <testcase classname="tests.LoginTest" name="testLockedUser" time="9.692"/>
  <testcase classname="tests.LoginTest" name="testValidLogin" time="9.222"/>
  <testcase classname="tests.LoginTest" name="testValidLogin" time="12.800"/>
</testsuite> <!-- tests.LoginTest -->
