<?xml version="1.0" encoding="UTF-8"?>
<!-- Generated by org.testng.reporters.JUnitReportReporter -->
<testsuite hostname="LAPTOP-KBKTO19U" failures="0" tests="3" name="tests.WebTest" time="136.295" errors="0" timestamp="2025-09-09T15:03:00 IST" skipped="0">
  <testcase classname="tests.WebTest" name="testSamsungFavoriteFlow" time="26.634"/>
  <testcase classname="tests.WebTest" name="testAppleFavoriteFlow" time="31.694"/>
  <testcase classname="tests.WebTest" name="testCartAndCheckoutFlow" time="77.967"/>
</testsuite> <!-- tests.WebTest -->
