<?xml version="1.0" encoding="UTF-8"?>
<!-- Generated by org.testng.reporters.JUnitReportReporter -->
<testsuite hostname="LAPTOP-KBKTO19U" failures="0" tests="6" name="tests.HomeTest" time="73.784" errors="0" timestamp="2025-09-09T16:04:58 IST" skipped="0">
  <testcase classname="tests.HomeTest" name="testOffersPage" time="5.272"/>
  <testcase classname="tests.HomeTest" name="testOrdersPage" time="5.446"/>
  <testcase classname="tests.HomeTest" name="testFavoritesPage" time="5.308"/>
  <testcase classname="tests.HomeTest" name="testGoToHomePage" time="5.264"/>
  <testcase classname="tests.HomeTest" name="testSelectAllVendors" time="20.887"/>
  <testcase classname="tests.HomeTest" name="testSortProducts" time="31.607"/>
</testsuite> <!-- tests.HomeTest -->
